Build started 06.04.2017 11:44:16.
     1>Project "G:\Source\Snake_Boolat_Games\Snake\Snake.vcxproj" on node 2 (Build target(s)).
     1>ClCompile:
         C:\Program Files (x86)\Microsoft Visual Studio 12.0\VC\bin\CL.exe /c /I..\engine\SexyAppFramework /I"C:\Program Files (x86)\Visual Leak Detector\include" /Zi /nologo /W3 /WX- /sdl /O2 /Oi /Oy- /GL /D WIN32 /D NDEBUG /D _WINDOWS /D _UNICODE /D UNICODE /Gm- /EHsc /MTd /GS /Gy /fp:precise /Zc:wchar_t /Zc:forScope /Fo"Release\\" /Fd"Release\vc120.pdb" /Gd /TP /analyze- /errorReport:prompt source\GameWindow.cpp source\Field.cpp source\Game.cpp source\main.cpp source\Snake.cpp source\SnakePart.cpp
         GameWindow.cpp
         Field.cpp
         Game.cpp
         main.cpp
         Snake.cpp
         SnakePart.cpp
       Link:
         C:\Program Files (x86)\Microsoft Visual Studio 12.0\VC\bin\link.exe /ERRORREPORT:PROMPT /OUT:"G:\Source\Snake_Boolat_Games\SnakeRelease\Snake.exe" /INCREMENTAL:NO /NOLOGO /LIBPATH:"C:\Program Files (x86)\Visual Leak Detector\lib\Win32" winmm.lib wsock32.lib engine\SexyAppFramework\DebugVC6\SexyAppBase.lib kernel32.lib user32.lib gdi32.lib winspool.lib comdlg32.lib advapi32.lib shell32.lib ole32.lib oleaut32.lib uuid.lib odbc32.lib odbccp32.lib /MANIFEST /MANIFESTUAC:"level='asInvoker' uiAccess='false'" /manifest:embed /DEBUG /PDB:"G:\Source\Snake_Boolat_Games\SnakeRelease\Snake.pdb" /SUBSYSTEM:WINDOWS /OPT:REF /OPT:ICF /LTCG /TLBID:1 /DYNAMICBASE /NXCOMPAT /IMPLIB:"G:\Source\Snake_Boolat_Games\SnakeRelease\Snake.lib" /MACHINE:X86 /SAFESEH Release\GameWindow.obj
         Release\Field.obj
         Release\Game.obj
         Release\main.obj
         Release\Snake.obj
         Release\SnakePart.obj
         Generating code
         Finished generating code
         Snake.vcxproj -> G:\Source\Snake_Boolat_Games\SnakeRelease\Snake.exe
     1>Done Building Project "G:\Source\Snake_Boolat_Games\Snake\Snake.vcxproj" (Build target(s)).

Build succeeded.

Time Elapsed 00:01:11.40
