Build started 06.04.2017 11:40:27.
     1>Project "G:\Source\Snake_Boolat_Games\Snake\Snake.vcxproj" on node 2 (Build target(s)).
     1>ClCompile:
         C:\Program Files (x86)\Microsoft Visual Studio 12.0\VC\bin\CL.exe /c /I..\.. /I..\ /I"C:\Program Files (x86)\Visual Leak Detector\include" /ZI /nologo /W3 /WX- /Od /Oy- /D WIN32 /D _DEBUG /D _WINDOWS /D _MBCS /Gm- /EHsc /RTC1 /MTd /GS /fp:precise /Zc:wchar_t /Zc:forScope /GR /Fo"Debug\\" /Fd"Debug\vc120.pdb" /Gd /TP /analyze- /errorReport:prompt source\GameWindow.cpp source\Field.cpp source\Game.cpp source\main.cpp source\Snake.cpp source\SnakePart.cpp
         GameWindow.cpp
         Field.cpp
         Game.cpp
         main.cpp
         Snake.cpp
         SnakePart.cpp
         Generating Code...
       Link:
         C:\Program Files (x86)\Microsoft Visual Studio 12.0\VC\bin\link.exe /ERRORREPORT:PROMPT /OUT:"G:\Source\Snake_Boolat_Games\builds\Snake.exe" /INCREMENTAL /NOLOGO /LIBPATH:"C:\Program Files (x86)\Visual Leak Detector\lib\Win32" winmm.lib wsock32.lib engine/SexyAppFramework/DebugVC6/SexyAppBase.lib kernel32.lib user32.lib gdi32.lib winspool.lib comdlg32.lib advapi32.lib shell32.lib ole32.lib oleaut32.lib uuid.lib odbc32.lib odbccp32.lib /MANIFEST /MANIFESTUAC:"level='asInvoker' uiAccess='false'" /manifest:embed /DEBUG /PDB:"G:\Source\Snake_Boolat_Games\builds\Snake.pdb" /SUBSYSTEM:WINDOWS /TLBID:1 /DYNAMICBASE /NXCOMPAT /IMPLIB:"G:\Source\Snake_Boolat_Games\builds\Snake.lib" /MACHINE:X86 Debug\GameWindow.obj
         Debug\Field.obj
         Debug\Game.obj
         Debug\main.obj
         Debug\Snake.obj
         Debug\SnakePart.obj
         Snake.vcxproj -> G:\Source\Snake_Boolat_Games\builds\Snake.exe
     1>Done Building Project "G:\Source\Snake_Boolat_Games\Snake\Snake.vcxproj" (Build target(s)).

Build succeeded.

Time Elapsed 00:02:22.45
